<?xml version="1.0" encoding="UTF-8"?>
<!-- Generated by org.testng.reporters.JUnitXMLReporter -->
<testsuite ignored="0" hostname="DESKTOP-ERHVJHE" failures="0" tests="6" name="Default test" time="106.88" errors="0" timestamp="2024-03-01T01:16:28 IST">
  <testcase classname="appium1.appiumTesting" name="addNumbers" time="19.146"/>
  <testcase classname="appium1.appiumTesting" name="subtractionNumbers" time="18.885"/>
  <testcase classname="appium1.appiumTesting" name="multiplicationNumbers" time="21.184"/>
  <testcase classname="appium1.appiumTesting" name="sqrtNumber" time="16.31"/>
  <testcase classname="appium1.appiumTesting" name="powerNumber" time="15.701"/>
  <testcase classname="appium1.appiumTesting" name="factorialNumber" time="15.571"/>
</testsuite> <!-- Default test -->
