<?xml version="1.0" encoding="UTF-8"?>
<testng-results ignored="0" total="6" passed="6" failed="0" skipped="0">
  <reporter-output>
  </reporter-output>
  <suite started-at="2024-03-01T01:14:41 IST" name="Default suite" finished-at="2024-03-01T01:16:28 IST" duration-ms="106880">
    <groups>
    </groups>
    <test started-at="2024-03-01T01:14:41 IST" name="Default test" finished-at="2024-03-01T01:16:28 IST" duration-ms="106880">
      <class name="appium1.appiumTesting">
        <test-method is-config="true" signature="setup()[pri:0, instance:appium1.appiumTesting@f78a47e]" started-at="2024-03-01T01:14:41 IST" name="setup" finished-at="2024-03-01T01:14:41 IST" duration-ms="26" status="PASS">
          <reporter-output>
          </reporter-output>
        </test-method> <!-- setup -->
        <test-method signature="addNumbers()[pri:1, instance:appium1.appiumTesting@f78a47e]" started-at="2024-03-01T01:14:41 IST" name="addNumbers" description="Add of two numbers " finished-at="2024-03-01T01:15:00 IST" duration-ms="19146" status="PASS">
          <reporter-output>
          </reporter-output>
        </test-method> <!-- addNumbers -->
        <test-method signature="subtractionNumbers()[pri:2, instance:appium1.appiumTesting@f78a47e]" started-at="2024-03-01T01:15:00 IST" name="subtractionNumbers" description="Subtraction of two numbers " finished-at="2024-03-01T01:15:19 IST" duration-ms="18885" status="PASS">
          <reporter-output>
          </reporter-output>
        </test-method> <!-- subtractionNumbers -->
        <test-method signature="multiplicationNumbers()[pri:3, instance:appium1.appiumTesting@f78a47e]" started-at="2024-03-01T01:15:19 IST" name="multiplicationNumbers" description="Multiplication of two numbers " finished-at="2024-03-01T01:15:40 IST" duration-ms="21184" status="PASS">
          <reporter-output>
          </reporter-output>
        </test-method> <!-- multiplicationNumbers -->
        <test-method signature="sqrtNumber()[pri:4, instance:appium1.appiumTesting@f78a47e]" started-at="2024-03-01T01:15:40 IST" name="sqrtNumber" description="Sqrt of any number" finished-at="2024-03-01T01:15:56 IST" duration-ms="16310" status="PASS">
          <reporter-output>
          </reporter-output>
        </test-method> <!-- sqrtNumber -->
        <test-method signature="powerNumber()[pri:5, instance:appium1.appiumTesting@f78a47e]" started-at="2024-03-01T01:15:56 IST" name="powerNumber" description="Power of two numbers" finished-at="2024-03-01T01:16:12 IST" duration-ms="15701" status="PASS">
          <reporter-output>
          </reporter-output>
        </test-method> <!-- powerNumber -->
        <test-method signature="factorialNumber()[pri:6, instance:appium1.appiumTesting@f78a47e]" started-at="2024-03-01T01:16:12 IST" name="factorialNumber" description=" Factorial of any number" finished-at="2024-03-01T01:16:28 IST" duration-ms="15571" status="PASS">
          <reporter-output>
          </reporter-output>
        </test-method> <!-- factorialNumber -->
        <test-method is-config="true" signature="myAfter()[pri:0, instance:appium1.appiumTesting@f78a47e]" started-at="2024-03-01T01:16:28 IST" name="myAfter" finished-at="2024-03-01T01:16:28 IST" duration-ms="0" status="PASS">
          <reporter-output>
          </reporter-output>
        </test-method> <!-- myAfter -->
      </class> <!-- appium1.appiumTesting -->
    </test> <!-- Default test -->
  </suite> <!-- Default suite -->
</testng-results>
